about to fork child process, waiting until server is ready for connections.
forked process: 2836
ERROR: child process failed, exited with 1
To see additional information in this output, start without the "--fork" option.
about to fork child process, waiting until server is ready for connections.
forked process: 2915
child process started successfully, parent exiting
about to fork child process, waiting until server is ready for connections.
forked process: 3108
child process started successfully, parent exiting
about to fork child process, waiting until server is ready for connections.
forked process: 2169890
ERROR: child process failed, exited with 1
To see additional information in this output, start without the "--fork" option.
about to fork child process, waiting until server is ready for connections.
forked process: 2169944
child process started successfully, parent exiting
about to fork child process, waiting until server is ready for connections.
forked process: 2170018
child process started successfully, parent exiting
about to fork child process, waiting until server is ready for connections.
forked process: 2171354
child process started successfully, parent exiting
about to fork child process, waiting until server is ready for connections.
forked process: 2171771
ERROR: child process failed, exited with 1
To see additional information in this output, start without the "--fork" option.
about to fork child process, waiting until server is ready for connections.
forked process: 2171796
ERROR: child process failed, exited with 1
To see additional information in this output, start without the "--fork" option.
about to fork child process, waiting until server is ready for connections.
forked process: 2468649
child process started successfully, parent exiting
about to fork child process, waiting until server is ready for connections.
forked process: 2192760
child process started successfully, parent exiting
about to fork child process, waiting until server is ready for connections.
forked process: 2192910
ERROR: child process failed, exited with 1
To see additional information in this output, start without the "--fork" option.
about to fork child process, waiting until server is ready for connections.
forked process: 3169
ERROR: child process failed, exited with 1
To see additional information in this output, start without the "--fork" option.
about to fork child process, waiting until server is ready for connections.
forked process: 3219
child process started successfully, parent exiting
about to fork child process, waiting until server is ready for connections.
forked process: 3341
child process started successfully, parent exiting
about to fork child process, waiting until server is ready for connections.
forked process: 1307519
ERROR: child process failed, exited with 1
To see additional information in this output, start without the "--fork" option.
about to fork child process, waiting until server is ready for connections.
forked process: 1307558
ERROR: child process failed, exited with 1
To see additional information in this output, start without the "--fork" option.
about to fork child process, waiting until server is ready for connections.
forked process: 1307750
child process started successfully, parent exiting
about to fork child process, waiting until server is ready for connections.
forked process: 1307908
child process started successfully, parent exiting
